build/app/intermediates/manifest_merge_blame_file/release/manifest-merger-blame-release-report.txt
1<?xml version="1.0" encoding="utf-8"?>
2<manifest xmlns:android="http://schemas.android.com/apk/res/android"
3    package="com.example.demo"
4    android:versionCode="1"
5    android:versionName="1.0.0" >
6
7    <uses-sdk
8        android:minSdkVersion="21"
8-->src\main\AndroidManifest.xml
9        android:targetSdkVersion="33" />
9-->src\main\AndroidManifest.xml
10    <!-- Include required permissions for Google Maps API to run. -->
11    <uses-permission android:name="android.permission.ACCESS_NETWORK_STATE" />
11-->[com.google.android.gms:play-services-maps:18.2.0] AndroidManifest.xml:23:5-79
11-->[com.google.android.gms:play-services-maps:18.2.0] AndroidManifest.xml:23:22-76
12    <uses-permission android:name="android.permission.INTERNET" />
12-->[com.google.android.gms:play-services-maps:18.2.0] AndroidManifest.xml:24:5-67
12-->[com.google.android.gms:play-services-maps:18.2.0] AndroidManifest.xml:24:22-64
13
14    <uses-feature
14-->[com.google.android.gms:play-services-maps:18.2.0] AndroidManifest.xml:26:5-28:35
15        android:glEsVersion="0x00020000"
15-->[com.google.android.gms:play-services-maps:18.2.0] AndroidManifest.xml:27:9-41
16        android:required="true" />
16-->[com.google.android.gms:play-services-maps:18.2.0] AndroidManifest.xml:28:9-32
17
18    <queries>
18-->[com.google.android.gms:play-services-maps:18.2.0] AndroidManifest.xml:30:5-34:15
19
20        <!-- Needs to be explicitly declared on Android R+ -->
21        <package android:name="com.google.android.apps.maps" />
21-->[com.google.android.gms:play-services-maps:18.2.0] AndroidManifest.xml:33:9-64
21-->[com.google.android.gms:play-services-maps:18.2.0] AndroidManifest.xml:33:18-61
22    </queries>
23
24    <application
25        android:name="android.app.Application"
25-->src\main\AndroidManifest.xml:4:9-42
26        android:appComponentFactory="androidx.core.app.CoreComponentFactory"
26-->[androidx.core:core:1.6.0] AndroidManifest.xml:24:18-86
27        android:icon="@mipmap/ic_launcher"
27-->src\main\AndroidManifest.xml:5:9-43
28        android:label="demo" >
28-->src\main\AndroidManifest.xml:3:9-29
29        <meta-data
29-->src\main\AndroidManifest.xml:6:9-7:70
30            android:name="com.google.android.geo.API_KEY"
30-->src\main\AndroidManifest.xml:6:20-65
31            android:value="AIzaSyBr-RBglL3wpSsXwoE_gAATshtyqs1CE4g" />
31-->src\main\AndroidManifest.xml:7:13-68
32
33        <activity
33-->src\main\AndroidManifest.xml:8:9-29:20
34            android:name="com.example.demo.MainActivity"
34-->src\main\AndroidManifest.xml:9:13-41
35            android:configChanges="orientation|keyboardHidden|keyboard|screenSize|smallestScreenSize|locale|layoutDirection|fontScale|screenLayout|density|uiMode"
35-->src\main\AndroidManifest.xml:13:13-163
36            android:exported="true"
36-->src\main\AndroidManifest.xml:10:13-36
37            android:hardwareAccelerated="true"
37-->src\main\AndroidManifest.xml:14:13-47
38            android:launchMode="singleTop"
38-->src\main\AndroidManifest.xml:11:13-43
39            android:theme="@style/LaunchTheme"
39-->src\main\AndroidManifest.xml:12:13-47
40            android:windowSoftInputMode="adjustResize" >
40-->src\main\AndroidManifest.xml:15:13-55
41
42            <!--
43                 Specifies an Android theme to apply to this Activity as soon as
44                 the Android process has started. This theme is visible to the user
45                 while the Flutter UI initializes. After that, this theme continues
46                 to determine the Window background behind the Flutter UI.
47            -->
48            <meta-data
48-->src\main\AndroidManifest.xml:20:13-23:17
49                android:name="io.flutter.embedding.android.NormalTheme"
49-->src\main\AndroidManifest.xml:21:15-70
50                android:resource="@style/NormalTheme" />
50-->src\main\AndroidManifest.xml:22:15-52
51
52            <intent-filter>
52-->src\main\AndroidManifest.xml:25:13-28:29
53                <action android:name="android.intent.action.MAIN" />
53-->src\main\AndroidManifest.xml:26:17-68
53-->src\main\AndroidManifest.xml:26:25-66
54
55                <category android:name="android.intent.category.LAUNCHER" />
55-->src\main\AndroidManifest.xml:27:17-76
55-->src\main\AndroidManifest.xml:27:27-74
56            </intent-filter>
57        </activity>
58        <!--
59             Don't delete the meta-data below.
60             This is used by the Flutter tool to generate GeneratedPluginRegistrant.java
61        -->
62        <meta-data
62-->src\main\AndroidManifest.xml:32:9-34:33
63            android:name="flutterEmbedding"
63-->src\main\AndroidManifest.xml:33:13-44
64            android:value="2" />
64-->src\main\AndroidManifest.xml:34:13-30
65
66        <uses-library
66-->[androidx.window:window:1.0.0-beta04] AndroidManifest.xml:25:9-27:40
67            android:name="androidx.window.extensions"
67-->[androidx.window:window:1.0.0-beta04] AndroidManifest.xml:26:13-54
68            android:required="false" />
68-->[androidx.window:window:1.0.0-beta04] AndroidManifest.xml:27:13-37
69        <uses-library
69-->[androidx.window:window:1.0.0-beta04] AndroidManifest.xml:28:9-30:40
70            android:name="androidx.window.sidecar"
70-->[androidx.window:window:1.0.0-beta04] AndroidManifest.xml:29:13-51
71            android:required="false" /> <!-- Needs to be explicitly declared on P+ -->
71-->[androidx.window:window:1.0.0-beta04] AndroidManifest.xml:30:13-37
72        <uses-library
72-->[com.google.android.gms:play-services-maps:18.2.0] AndroidManifest.xml:39:9-41:40
73            android:name="org.apache.http.legacy"
73-->[com.google.android.gms:play-services-maps:18.2.0] AndroidManifest.xml:40:13-50
74            android:required="false" />
74-->[com.google.android.gms:play-services-maps:18.2.0] AndroidManifest.xml:41:13-37
75
76        <activity
76-->[com.google.android.gms:play-services-base:18.0.1] AndroidManifest.xml:20:9-22:45
77            android:name="com.google.android.gms.common.api.GoogleApiActivity"
77-->[com.google.android.gms:play-services-base:18.0.1] AndroidManifest.xml:20:19-85
78            android:exported="false"
78-->[com.google.android.gms:play-services-base:18.0.1] AndroidManifest.xml:22:19-43
79            android:theme="@android:style/Theme.Translucent.NoTitleBar" />
79-->[com.google.android.gms:play-services-base:18.0.1] AndroidManifest.xml:21:19-78
80
81        <meta-data
81-->[com.google.android.gms:play-services-basement:18.0.0] AndroidManifest.xml:21:9-23:69
82            android:name="com.google.android.gms.version"
82-->[com.google.android.gms:play-services-basement:18.0.0] AndroidManifest.xml:22:13-58
83            android:value="@integer/google_play_services_version" />
83-->[com.google.android.gms:play-services-basement:18.0.0] AndroidManifest.xml:23:13-66
84    </application>
85
86</manifest>